<?xml version="1.0" encoding="UTF-8"?>
<!-- Generated by org.testng.reporters.JUnitXMLReporter -->
<testsuite ignored="0" hostname="DESKTOP-GODTDJD" failures="0" tests="1" name="Test" time="0.172" errors="0" timestamp="2024-11-20T17:41:21 IST">
  <testcase classname="TestBase.BaseClass" name="@BeforeClass setUp" time="-1.732104680923E9">
    <failure type="org.testng.TestNGException" message="
Parameter &amp;apos;browser&amp;apos; is required by BeforeClass on method setUp but has not been marked @Optional or defined
in C:\Users\hp\OneDrive\Desktop\Automation Testing Project\BETA-Field-Force-main\Assingment\testngenv.xml">
      <![CDATA[org.testng.TestNGException: 
Parameter 'browser' is required by BeforeClass on method setUp but has not been marked @Optional or defined
in C:\Users\hp\OneDrive\Desktop\Automation Testing Project\BETA-Field-Force-main\Assingment\testngenv.xml
at java.base/java.util.ArrayList.forEach(ArrayList.java:1511)
... Removed 22 stack frames]]>
    </failure>
  </testcase> <!-- @BeforeClass setUp -->
  <testcase classname="TestBase.BaseClass" name="@AfterClass tearDown" time="0.0">
    <skipped/>
  </testcase> <!-- @AfterClass tearDown -->
  <testcase classname="TestCases.TC_001_LoginTest" name="testValidLogin" time="0.001">
    <skipped/>
  </testcase> <!-- testValidLogin -->
</testsuite> <!-- Test -->
